<?xml version="1.0" encoding="UTF-8"?>
<testng-results ignored="0" total="11" passed="11" failed="0" skipped="0">
  <reporter-output>
  </reporter-output>
  <suite started-at="2023-11-27T17:54:05 IST" name="LUX APIs" finished-at="2023-11-27T17:54:19 IST" duration-ms="14358">
    <groups>
    </groups>
    <test started-at="2023-11-27T17:54:05 IST" name="List APIs on PROD env" finished-at="2023-11-27T17:54:19 IST" duration-ms="14358">
      <class name="test.ProdListAPIs">
        <test-method signature="testListCategories()[pri:0, instance:test.ProdListAPIs@145eaa29]" started-at="2023-11-27T17:54:05 IST" name="testListCategories" finished-at="2023-11-27T17:54:07 IST" duration-ms="2813" status="PASS">
          <reporter-output>
          </reporter-output>
        </test-method> <!-- testListCategories -->
        <test-method signature="testListCentres()[pri:0, instance:test.ProdListAPIs@145eaa29]" started-at="2023-11-27T17:54:07 IST" name="testListCentres" finished-at="2023-11-27T17:54:09 IST" duration-ms="1835" status="PASS">
          <reporter-output>
          </reporter-output>
        </test-method> <!-- testListCentres -->
        <test-method signature="testListDeals()[pri:0, instance:test.ProdListAPIs@145eaa29]" started-at="2023-11-27T17:54:09 IST" name="testListDeals" finished-at="2023-11-27T17:54:10 IST" duration-ms="1128" status="PASS">
          <reporter-output>
          </reporter-output>
        </test-method> <!-- testListDeals -->
        <test-method signature="testListEvents()[pri:0, instance:test.ProdListAPIs@145eaa29]" started-at="2023-11-27T17:54:10 IST" name="testListEvents" finished-at="2023-11-27T17:54:12 IST" duration-ms="1564" status="PASS">
          <reporter-output>
          </reporter-output>
        </test-method> <!-- testListEvents -->
        <test-method signature="testListNotices()[pri:0, instance:test.ProdListAPIs@145eaa29]" started-at="2023-11-27T17:54:12 IST" name="testListNotices" finished-at="2023-11-27T17:54:13 IST" duration-ms="989" status="PASS">
          <reporter-output>
          </reporter-output>
        </test-method> <!-- testListNotices -->
        <test-method signature="testListParticipants()[pri:0, instance:test.ProdListAPIs@145eaa29]" started-at="2023-11-27T17:54:13 IST" name="testListParticipants" finished-at="2023-11-27T17:54:14 IST" duration-ms="847" status="PASS">
          <reporter-output>
          </reporter-output>
        </test-method> <!-- testListParticipants -->
        <test-method signature="testListRetailers()[pri:0, instance:test.ProdListAPIs@145eaa29]" started-at="2023-11-27T17:54:14 IST" name="testListRetailers" finished-at="2023-11-27T17:54:15 IST" duration-ms="751" status="PASS">
          <reporter-output>
          </reporter-output>
        </test-method> <!-- testListRetailers -->
        <test-method signature="testListSchedules()[pri:0, instance:test.ProdListAPIs@145eaa29]" started-at="2023-11-27T17:54:15 IST" name="testListSchedules" finished-at="2023-11-27T17:54:15 IST" duration-ms="821" status="PASS">
          <reporter-output>
          </reporter-output>
        </test-method> <!-- testListSchedules -->
        <test-method signature="testListServices()[pri:0, instance:test.ProdListAPIs@145eaa29]" started-at="2023-11-27T17:54:15 IST" name="testListServices" finished-at="2023-11-27T17:54:17 IST" duration-ms="1218" status="PASS">
          <reporter-output>
          </reporter-output>
        </test-method> <!-- testListServices -->
        <test-method signature="testListServicesTypes()[pri:0, instance:test.ProdListAPIs@145eaa29]" started-at="2023-11-27T17:54:17 IST" name="testListServicesTypes" finished-at="2023-11-27T17:54:18 IST" duration-ms="938" status="PASS">
          <reporter-output>
          </reporter-output>
        </test-method> <!-- testListServicesTypes -->
        <test-method signature="testListStores()[pri:0, instance:test.ProdListAPIs@145eaa29]" started-at="2023-11-27T17:54:18 IST" name="testListStores" finished-at="2023-11-27T17:54:19 IST" duration-ms="1421" status="PASS">
          <reporter-output>
          </reporter-output>
        </test-method> <!-- testListStores -->
      </class> <!-- test.ProdListAPIs -->
    </test> <!-- List APIs on PROD env -->
  </suite> <!-- LUX APIs -->
</testng-results>
